<?xml version="1.0" encoding="UTF-8"?>
<testsuite xmlns:xsi="http://www.w3.org/2001/XMLSchema-instance" xsi:noNamespaceSchemaLocation="https://maven.apache.org/surefire/maven-surefire-plugin/xsd/surefire-test-report-3.0.xsd" version="3.0" name="com.lms.user.controller.AuthControllerTest" time="1.695" tests="4" errors="0" skipped="0" failures="4">
  <properties>
[...]
</properties>
  <testcase name="login_ValidCredentials_ReturnsAuthResponse" classname="com.lms.user.controller.AuthControllerTest" time="0.525">
    <failure message="Status expected:&lt;200 OK&gt; but was:&lt;403 FORBIDDEN&gt;" type="java.lang.AssertionError"><![CDATA[java.lang.AssertionError: Status expected:<200 OK> but was:<403 FORBIDDEN>
	at org.springframework.test.util.AssertionErrors.fail(AssertionErrors.java:59)
	at org.springframework.test.util.AssertionErrors.assertEquals(AssertionErrors.java:122)
	at org.springframework.test.web.reactive.server.StatusAssertions.lambda$assertStatusAndReturn$4(StatusAssertions.java:236)
	at org.springframework.test.web.reactive.server.ExchangeResult.assertWithDiagnostics(ExchangeResult.java:222)
	at org.springframework.test.web.reactive.server.StatusAssertions.assertStatusAndReturn(StatusAssertions.java:236)
	at org.springframework.test.web.reactive.server.StatusAssertions.isOk(StatusAssertions.java:68)
	at com.lms.user.controller.AuthControllerTest.login_ValidCredentials_ReturnsAuthResponse(AuthControllerTest.java:111)
	at java.base/java.lang.reflect.Method.invoke(Method.java:580)
	at java.base/java.util.ArrayList.forEach(ArrayList.java:1596)
	at java.base/java.util.ArrayList.forEach(ArrayList.java:1596)
]]></failure>
    <system-out><![CDATA[2025-07-07T02:05:24.402+05:30  INFO 11490 --- [user-service] [           main] [                                                 ] t.c.s.AnnotationConfigContextLoaderUtils : Could not detect default configuration classes for test class [com.lms.user.controller.AuthControllerTest]: AuthControllerTest does not declare any static, non-private, non-final, nested classes annotated with @Configuration.
2025-07-07T02:05:24.425+05:30  INFO 11490 --- [user-service] [           main] [                                                 ] .b.t.c.SpringBootTestContextBootstrapper : Found @SpringBootConfiguration com.lms.user.UserServiceApplication for test class com.lms.user.controller.AuthControllerTest

  .   ____          _            __ _ _
 /\\ / ___'_ __ _ _(_)_ __  __ _ \ \ \ \
( ( )\___ | '_ | '_| | '_ \/ _` | \ \ \ \
 \\/  ___)| |_)| | | | | || (_| |  ) ) ) )
  '  |____| .__|_| |_|_| |_\__, | / / / /
 =========|_|==============|___/=/_/_/_/
 :: Spring Boot ::                (v3.2.0)

2025-07-07T02:05:24.564+05:30  INFO 11490 --- [user-service] [           main] [                                                 ] c.l.user.controller.AuthControllerTest   : Starting AuthControllerTest using Java 21.0.7 with PID 11490 (started by jaganathan in /home/jaganathan/AI/Week-6/lms-backend/user-service)
2025-07-07T02:05:24.565+05:30 DEBUG 11490 --- [user-service] [           main] [                                                 ] c.l.user.controller.AuthControllerTest   : Running with Spring Boot v3.2.0, Spring v6.1.1
2025-07-07T02:05:24.565+05:30  INFO 11490 --- [user-service] [           main] [                                                 ] c.l.user.controller.AuthControllerTest   : The following 1 profile is active: "test"
2025-07-07T02:05:25.399+05:30  INFO 11490 --- [user-service] [           main] [                                                 ] ctiveUserDetailsServiceAutoConfiguration : 

Using generated security password: 1e1c45d3-95a6-4a98-90c4-9f1866bb6771

2025-07-07T02:05:25.467+05:30  INFO 11490 --- [user-service] [           main] [                                                 ] c.l.user.controller.AuthControllerTest   : Started AuthControllerTest in 1.036 seconds (process running for 12.53)
2025-07-07T02:05:25.994+05:30 ERROR 11490 --- [user-service] [           main] [                                                 ] o.s.t.w.reactive.server.ExchangeResult   : Request details for assertion failure:

> POST /api/v1/auth/login
> WebTestClient-Request-Id: [1]
> Content-Type: [application/json]
> Content-Length: [53]

{"email":"test@example.com","password":"password123"}

< 403 FORBIDDEN Forbidden
< Content-Type: [text/plain]
< Cache-Control: [no-cache, no-store, max-age=0, must-revalidate]
< Pragma: [no-cache]
< Expires: [0]
< X-Content-Type-Options: [nosniff]
< X-Frame-Options: [DENY]
< X-XSS-Protection: [0]
< Referrer-Policy: [no-referrer]

An expected CSRF token cannot be found

]]></system-out>
  </testcase>
  <testcase name="register_ValidRequest_ReturnsAuthResponse" classname="com.lms.user.controller.AuthControllerTest" time="0.029">
    <failure message="Status expected:&lt;201 CREATED&gt; but was:&lt;403 FORBIDDEN&gt;" type="java.lang.AssertionError"><![CDATA[java.lang.AssertionError: Status expected:<201 CREATED> but was:<403 FORBIDDEN>
	at org.springframework.test.util.AssertionErrors.fail(AssertionErrors.java:59)
	at org.springframework.test.util.AssertionErrors.assertEquals(AssertionErrors.java:122)
	at org.springframework.test.web.reactive.server.StatusAssertions.lambda$assertStatusAndReturn$4(StatusAssertions.java:236)
	at org.springframework.test.web.reactive.server.ExchangeResult.assertWithDiagnostics(ExchangeResult.java:222)
	at org.springframework.test.web.reactive.server.StatusAssertions.assertStatusAndReturn(StatusAssertions.java:236)
	at org.springframework.test.web.reactive.server.StatusAssertions.isCreated(StatusAssertions.java:75)
	at com.lms.user.controller.AuthControllerTest.register_ValidRequest_ReturnsAuthResponse(AuthControllerTest.java:77)
	at java.base/java.lang.reflect.Method.invoke(Method.java:580)
	at java.base/java.util.ArrayList.forEach(ArrayList.java:1596)
	at java.base/java.util.ArrayList.forEach(ArrayList.java:1596)
]]></failure>
    <system-out><![CDATA[2025-07-07T02:05:26.035+05:30 ERROR 11490 --- [user-service] [           main] [                                                 ] o.s.t.w.reactive.server.ExchangeResult   : Request details for assertion failure:

> POST /api/v1/auth/register
> WebTestClient-Request-Id: [2]
> Content-Type: [application/json]
> Content-Length: [92]

{"email":"test@example.com","password":"password123","fullName":"John Doe","role":"STUDENT"}

< 403 FORBIDDEN Forbidden
< Content-Type: [text/plain]
< Cache-Control: [no-cache, no-store, max-age=0, must-revalidate]
< Pragma: [no-cache]
< Expires: [0]
< X-Content-Type-Options: [nosniff]
< X-Frame-Options: [DENY]
< X-XSS-Protection: [0]
< Referrer-Policy: [no-referrer]

An expected CSRF token cannot be found

]]></system-out>
  </testcase>
  <testcase name="register_InvalidRequest_ReturnsBadRequest" classname="com.lms.user.controller.AuthControllerTest" time="0.018">
    <failure message="Status expected:&lt;400 BAD_REQUEST&gt; but was:&lt;403 FORBIDDEN&gt;" type="java.lang.AssertionError"><![CDATA[java.lang.AssertionError: Status expected:<400 BAD_REQUEST> but was:<403 FORBIDDEN>
	at org.springframework.test.util.AssertionErrors.fail(AssertionErrors.java:59)
	at org.springframework.test.util.AssertionErrors.assertEquals(AssertionErrors.java:122)
	at org.springframework.test.web.reactive.server.StatusAssertions.lambda$assertStatusAndReturn$4(StatusAssertions.java:236)
	at org.springframework.test.web.reactive.server.ExchangeResult.assertWithDiagnostics(ExchangeResult.java:222)
	at org.springframework.test.web.reactive.server.StatusAssertions.assertStatusAndReturn(StatusAssertions.java:236)
	at org.springframework.test.web.reactive.server.StatusAssertions.isBadRequest(StatusAssertions.java:131)
	at com.lms.user.controller.AuthControllerTest.register_InvalidRequest_ReturnsBadRequest(AuthControllerTest.java:130)
	at java.base/java.lang.reflect.Method.invoke(Method.java:580)
	at java.base/java.util.ArrayList.forEach(ArrayList.java:1596)
	at java.base/java.util.ArrayList.forEach(ArrayList.java:1596)
]]></failure>
    <system-out><![CDATA[2025-07-07T02:05:26.059+05:30 ERROR 11490 --- [user-service] [           main] [                                                 ] o.s.t.w.reactive.server.ExchangeResult   : Request details for assertion failure:

> POST /api/v1/auth/register
> WebTestClient-Request-Id: [3]
> Content-Type: [application/json]
> Content-Length: [67]

{"email":"invalid-email","password":"","fullName":null,"role":null}

< 403 FORBIDDEN Forbidden
< Content-Type: [text/plain]
< Cache-Control: [no-cache, no-store, max-age=0, must-revalidate]
< Pragma: [no-cache]
< Expires: [0]
< X-Content-Type-Options: [nosniff]
< X-Frame-Options: [DENY]
< X-XSS-Protection: [0]
< Referrer-Policy: [no-referrer]

An expected CSRF token cannot be found

]]></system-out>
  </testcase>
  <testcase name="login_InvalidCredentials_ReturnsUnauthorized" classname="com.lms.user.controller.AuthControllerTest" time="0.019">
    <failure message="Status expected:&lt;401 UNAUTHORIZED&gt; but was:&lt;403 FORBIDDEN&gt;" type="java.lang.AssertionError"><![CDATA[java.lang.AssertionError: Status expected:<401 UNAUTHORIZED> but was:<403 FORBIDDEN>
	at org.springframework.test.util.AssertionErrors.fail(AssertionErrors.java:59)
	at org.springframework.test.util.AssertionErrors.assertEquals(AssertionErrors.java:122)
	at org.springframework.test.web.reactive.server.StatusAssertions.lambda$assertStatusAndReturn$4(StatusAssertions.java:236)
	at org.springframework.test.web.reactive.server.ExchangeResult.assertWithDiagnostics(ExchangeResult.java:222)
	at org.springframework.test.web.reactive.server.StatusAssertions.assertStatusAndReturn(StatusAssertions.java:236)
	at org.springframework.test.web.reactive.server.StatusAssertions.isUnauthorized(StatusAssertions.java:138)
	at com.lms.user.controller.AuthControllerTest.login_InvalidCredentials_ReturnsUnauthorized(AuthControllerTest.java:149)
	at java.base/java.lang.reflect.Method.invoke(Method.java:580)
	at java.base/java.util.ArrayList.forEach(ArrayList.java:1596)
	at java.base/java.util.ArrayList.forEach(ArrayList.java:1596)
]]></failure>
    <system-out><![CDATA[2025-07-07T02:05:26.081+05:30 ERROR 11490 --- [user-service] [           main] [                                                 ] o.s.t.w.reactive.server.ExchangeResult   : Request details for assertion failure:

> POST /api/v1/auth/login
> WebTestClient-Request-Id: [4]
> Content-Type: [application/json]
> Content-Length: [55]

{"email":"test@example.com","password":"wrongpassword"}

< 403 FORBIDDEN Forbidden
< Content-Type: [text/plain]
< Cache-Control: [no-cache, no-store, max-age=0, must-revalidate]
< Pragma: [no-cache]
< Expires: [0]
< X-Content-Type-Options: [nosniff]
< X-Frame-Options: [DENY]
< X-XSS-Protection: [0]
< Referrer-Policy: [no-referrer]

An expected CSRF token cannot be found

]]></system-out>
  </testcase>
</testsuite>