<?xml version="1.0" encoding="UTF-8"?>
<testsuite xmlns:xsi="http://www.w3.org/2001/XMLSchema-instance" xsi:noNamespaceSchemaLocation="https://maven.apache.org/surefire/maven-surefire-plugin/xsd/surefire-test-report-3.0.xsd" version="3.0" name="com.observer.pattern.EventManagerTest" time="0.221" tests="14" errors="0" skipped="0" failures="0">
  <properties>
[...]
</properties>
  <testcase name="testNotifyObservers" classname="com.observer.pattern.EventManagerTest" time="0.12">
    <system-out><![CDATA[Observer TestObserver1 registered with TestEventManager
Observer TestObserver2 registered with TestEventManager
EventManager TestEventManager notifying 2 observers about: TEST_EVENT
]]></system-out>
  </testcase>
  <testcase name="testRegisterNullObserver" classname="com.observer.pattern.EventManagerTest" time="0.004"/>
  <testcase name="testNotifyAfterObserverRemoval" classname="com.observer.pattern.EventManagerTest" time="0.001">
    <system-out><![CDATA[Observer TestObserver1 registered with TestEventManager
Observer TestObserver2 registered with TestEventManager
EventManager TestEventManager notifying 2 observers about: FIRST_EVENT
Observer TestObserver1 removed from TestEventManager
EventManager TestEventManager notifying 1 observers about: SECOND_EVENT
]]></system-out>
  </testcase>
  <testcase name="testGetObserversReturnsCopy" classname="com.observer.pattern.EventManagerTest" time="0.004">
    <system-out><![CDATA[Observer TestObserver1 registered with TestEventManager
]]></system-out>
  </testcase>
  <testcase name="testRegisterObserver" classname="com.observer.pattern.EventManagerTest" time="0.004">
    <system-out><![CDATA[Observer TestObserver1 registered with TestEventManager
]]></system-out>
  </testcase>
  <testcase name="testRemoveNonExistentObserver" classname="com.observer.pattern.EventManagerTest" time="0.002">
    <system-out><![CDATA[Observer TestObserver1 registered with TestEventManager
Observer TestObserver2 was not registered with TestEventManager
]]></system-out>
  </testcase>
  <testcase name="testRegisterDuplicateObserver" classname="com.observer.pattern.EventManagerTest" time="0.002">
    <system-out><![CDATA[Observer TestObserver1 registered with TestEventManager
Observer TestObserver1 is already registered with TestEventManager
]]></system-out>
  </testcase>
  <testcase name="testNotifyWithNoObservers" classname="com.observer.pattern.EventManagerTest" time="0.006">
    <system-out><![CDATA[EventManager TestEventManager notifying 0 observers about: TEST_EVENT
]]></system-out>
  </testcase>
  <testcase name="testGetManagerId" classname="com.observer.pattern.EventManagerTest" time="0.004"/>
  <testcase name="testRemoveNullObserver" classname="com.observer.pattern.EventManagerTest" time="0.004"/>
  <testcase name="testTriggerEvent" classname="com.observer.pattern.EventManagerTest" time="0.003">
    <system-out><![CDATA[Observer TestObserver1 registered with TestEventManager
EventManager TestEventManager notifying 1 observers about: TEST_EVENT
]]></system-out>
  </testcase>
  <testcase name="testRegisterMultipleObservers" classname="com.observer.pattern.EventManagerTest" time="0.003">
    <system-out><![CDATA[Observer TestObserver1 registered with TestEventManager
Observer TestObserver2 registered with TestEventManager
]]></system-out>
  </testcase>
  <testcase name="testRemoveObserver" classname="com.observer.pattern.EventManagerTest" time="0.003">
    <system-out><![CDATA[Observer TestObserver1 registered with TestEventManager
Observer TestObserver2 registered with TestEventManager
Observer TestObserver1 removed from TestEventManager
]]></system-out>
  </testcase>
  <testcase name="testNotifyWithNullEvent" classname="com.observer.pattern.EventManagerTest" time="0.004">
    <system-out><![CDATA[Observer TestObserver1 registered with TestEventManager
]]></system-out>
  </testcase>
</testsuite>